[debug] [2024-09-10T06:47:17.350Z] ----------------------------------------------------------------------
[debug] [2024-09-10T06:47:17.358Z] Command:       C:\Program Files\nodejs\node.exe C:\Users\SUMANT\AppData\Roaming\npm\node_modules\firebase-tools\lib\bin\firebase.js init
[debug] [2024-09-10T06:47:17.359Z] CLI Version:   13.15.0
[debug] [2024-09-10T06:47:17.359Z] Platform:      win32
[debug] [2024-09-10T06:47:17.359Z] Node Version:  v22.5.1
[debug] [2024-09-10T06:47:17.360Z] Time:          Tue Sep 10 2024 12:17:17 GMT+0530 (India Standard Time)
[debug] [2024-09-10T06:47:17.361Z] ----------------------------------------------------------------------
[debug] 
[debug] [2024-09-10T06:47:17.668Z] > command requires scopes: ["email","openid","https://www.googleapis.com/auth/cloudplatformprojects.readonly","https://www.googleapis.com/auth/firebase","https://www.googleapis.com/auth/cloud-platform"]
[debug] [2024-09-10T06:47:17.669Z] > authorizing via signed-in user (54volvick@gmail.com)
[info] 
     ######## #### ########  ######## ########     ###     ######  ########
     ##        ##  ##     ## ##       ##     ##  ##   ##  ##       ##
     ######    ##  ########  ######   ########  #########  ######  ######
     ##        ##  ##    ##  ##       ##     ## ##     ##       ## ##
     ##       #### ##     ## ######## ########  ##     ##  ######  ########

You're about to initialize a Firebase project in this directory:

  D:\Main Website\COpy check\firebase-blog-master

Before we get started, keep in mind:

  * You are initializing within an existing Firebase project directory

[info] 
=== Project Setup
[info] 
[info] First, let's associate this project directory with a Firebase project.
[info] You can create multiple project aliases by running firebase use --add, 
[info] but for now we'll just set up a default project.
[info] 
[debug] [2024-09-10T06:47:22.940Z] Using project from CLI flag: volvick-a91e5
[debug] [2024-09-10T06:47:22.946Z] >>> [apiv2][query] GET https://firebase.googleapis.com/v1beta1/projects/volvick-a91e5 [none]
[debug] [2024-09-10T06:47:23.290Z] *** [apiv2] error from fetch(https://firebase.googleapis.com/v1beta1/projects/volvick-a91e5, {"headers":{},"method":"GET","signal":{}}): FetchError: request to https://firebase.googleapis.com/v1beta1/projects/volvick-a91e5 failed, reason: write EPROTO 240D0000:error:0A00010B:SSL routines:ssl3_get_record:wrong version number:c:\ws\deps\openssl\openssl\ssl\record\ssl3_record.c:355:

[debug] [2024-09-10T06:47:23.291Z] Failed to make request to https://firebase.googleapis.com/v1beta1/projects/volvick-a91e5 (original: request to https://firebase.googleapis.com/v1beta1/projects/volvick-a91e5 failed, reason: write EPROTO 240D0000:error:0A00010B:SSL routines:ssl3_get_record:wrong version number:c:\ws\deps\openssl\openssl\ssl\record\ssl3_record.c:355:
)
[debug] [2024-09-10T06:47:23.661Z] FirebaseError: Failed to make request to https://firebase.googleapis.com/v1beta1/projects/volvick-a91e5
    at RetryOperation._fn (C:\Users\SUMANT\AppData\Roaming\npm\node_modules\firebase-tools\lib\apiv2.js:259:31)
    at process.processTicksAndRejections (node:internal/process/task_queues:95:5)
[error] 
[error] Error: Failed to get Firebase project volvick-a91e5. Please make sure the project exists and your account has permission to access it.
[debug] [2024-09-10T06:47:44.184Z] ----------------------------------------------------------------------
[debug] [2024-09-10T06:47:44.191Z] Command:       C:\Program Files\nodejs\node.exe C:\Users\SUMANT\AppData\Roaming\npm\node_modules\firebase-tools\lib\bin\firebase.js use --add
[debug] [2024-09-10T06:47:44.192Z] CLI Version:   13.15.0
[debug] [2024-09-10T06:47:44.193Z] Platform:      win32
[debug] [2024-09-10T06:47:44.193Z] Node Version:  v22.5.1
[debug] [2024-09-10T06:47:44.194Z] Time:          Tue Sep 10 2024 12:17:44 GMT+0530 (India Standard Time)
[debug] [2024-09-10T06:47:44.194Z] ----------------------------------------------------------------------
[debug] 
[debug] [2024-09-10T06:47:44.381Z] > command requires scopes: ["email","openid","https://www.googleapis.com/auth/cloudplatformprojects.readonly","https://www.googleapis.com/auth/firebase","https://www.googleapis.com/auth/cloud-platform"]
[debug] [2024-09-10T06:47:44.382Z] > authorizing via signed-in user (54volvick@gmail.com)
[debug] [2024-09-10T06:47:44.390Z] >>> [apiv2][query] GET https://firebase.googleapis.com/v1beta1/projects pageSize=1000
[debug] [2024-09-10T06:47:44.711Z] *** [apiv2] error from fetch(https://firebase.googleapis.com/v1beta1/projects?pageSize=1000, {"headers":{},"method":"GET","signal":{}}): FetchError: request to https://firebase.googleapis.com/v1beta1/projects?pageSize=1000 failed, reason: write EPROTO 302F0000:error:0A00010B:SSL routines:ssl3_get_record:wrong version number:c:\ws\deps\openssl\openssl\ssl\record\ssl3_record.c:355:

[debug] [2024-09-10T06:47:44.711Z] Failed to make request to https://firebase.googleapis.com/v1beta1/projects?pageSize=1000
[debug] [2024-09-10T06:47:45.031Z] FirebaseError: Failed to make request to https://firebase.googleapis.com/v1beta1/projects?pageSize=1000
    at RetryOperation._fn (C:\Users\SUMANT\AppData\Roaming\npm\node_modules\firebase-tools\lib\apiv2.js:259:31)
    at process.processTicksAndRejections (node:internal/process/task_queues:95:5)
[error] 
[error] Error: Failed to list Firebase projects. See firebase-debug.log for more info.
[debug] [2024-09-10T06:48:16.752Z] ----------------------------------------------------------------------
[debug] [2024-09-10T06:48:16.759Z] Command:       C:\Program Files\nodejs\node.exe C:\Users\SUMANT\AppData\Roaming\npm\node_modules\firebase-tools\lib\bin\firebase.js init
[debug] [2024-09-10T06:48:16.761Z] CLI Version:   13.15.0
[debug] [2024-09-10T06:48:16.761Z] Platform:      win32
[debug] [2024-09-10T06:48:16.761Z] Node Version:  v22.5.1
[debug] [2024-09-10T06:48:16.762Z] Time:          Tue Sep 10 2024 12:18:16 GMT+0530 (India Standard Time)
[debug] [2024-09-10T06:48:16.763Z] ----------------------------------------------------------------------
[debug] 
[debug] [2024-09-10T06:48:16.951Z] > command requires scopes: ["email","openid","https://www.googleapis.com/auth/cloudplatformprojects.readonly","https://www.googleapis.com/auth/firebase","https://www.googleapis.com/auth/cloud-platform"]
[debug] [2024-09-10T06:48:16.953Z] > authorizing via signed-in user (54volvick@gmail.com)
[info] 
     ######## #### ########  ######## ########     ###     ######  ########
     ##        ##  ##     ## ##       ##     ##  ##   ##  ##       ##
     ######    ##  ########  ######   ########  #########  ######  ######
     ##        ##  ##    ##  ##       ##     ## ##     ##       ## ##
     ##       #### ##     ## ######## ########  ##     ##  ######  ########

You're about to initialize a Firebase project in this directory:

  D:\Main Website\COpy check\firebase-blog-master

Before we get started, keep in mind:

  * You are initializing within an existing Firebase project directory

[info] 
=== Project Setup
[info] 
[info] First, let's associate this project directory with a Firebase project.
[info] You can create multiple project aliases by running firebase use --add, 
[info] but for now we'll just set up a default project.
[info] 
[debug] [2024-09-10T06:48:23.863Z] Using project from CLI flag: volvick-a91e5
[debug] [2024-09-10T06:48:23.872Z] >>> [apiv2][query] GET https://firebase.googleapis.com/v1beta1/projects/volvick-a91e5 [none]
[debug] [2024-09-10T06:48:24.272Z] *** [apiv2] error from fetch(https://firebase.googleapis.com/v1beta1/projects/volvick-a91e5, {"headers":{},"method":"GET","signal":{}}): FetchError: request to https://firebase.googleapis.com/v1beta1/projects/volvick-a91e5 failed, reason: write EPROTO 482F0000:error:0A00010B:SSL routines:ssl3_get_record:wrong version number:c:\ws\deps\openssl\openssl\ssl\record\ssl3_record.c:355:

[debug] [2024-09-10T06:48:24.272Z] Failed to make request to https://firebase.googleapis.com/v1beta1/projects/volvick-a91e5 (original: request to https://firebase.googleapis.com/v1beta1/projects/volvick-a91e5 failed, reason: write EPROTO 482F0000:error:0A00010B:SSL routines:ssl3_get_record:wrong version number:c:\ws\deps\openssl\openssl\ssl\record\ssl3_record.c:355:
)
[debug] [2024-09-10T06:48:24.614Z] FirebaseError: Failed to make request to https://firebase.googleapis.com/v1beta1/projects/volvick-a91e5
    at RetryOperation._fn (C:\Users\SUMANT\AppData\Roaming\npm\node_modules\firebase-tools\lib\apiv2.js:259:31)
    at process.processTicksAndRejections (node:internal/process/task_queues:95:5)
[error] 
[error] Error: Failed to get Firebase project volvick-a91e5. Please make sure the project exists and your account has permission to access it.
